{"level":"error","message":"Req URL: /api/users/login - Error: Error: user not found","service":"Request - logging"}
{"level":"error","message":"Req URL: /api/users/login - Error: Error: user not found","service":"Error - logging"}
{"level":"error","message":"Req URL: /api/users/login - Error: Error: user not found","service":"Error - logging"}
{"level":"error","message":"Req URL: /api/users/login - Error: Error: user not found","service":"Error - logging"}
{"level":"error","message":"Req URL: /api/users/login - Error: Error: user not found","service":"Error - logging"}
{"level":"error","message":"Sun Jun 02 2024 01:19:45 GMT+0530 (India Standard Time) - Req URL: /api/users/login - Error: Error: user not found","service":"Error - logging"}
{"level":"info","message":"Sun Jun 02 2024 01:48:35 GMT+0530 (India Standard Time) - Req URL: /api/products - Req Body: {}","service":"Request - logging"}
{"level":"info","message":"Sun Jun 02 2024 01:49:02 GMT+0530 (India Standard Time) - Req URL: /api/products/b398ada7-65f8-4aaa-978a-2c6cb92a3eca/rate?userId=76ebc206-e64f-4086-a6d5-441fb4829f73&rating=2.5 - Req Body: {\"name\":\"Leather Jacket\",\"price\":199.99,\"quantity\":20,\"description\":\"Conmforatble leather jacket for riders\",\"imageUrl\":\"https://m.media-amazon.com/images/I/619KZMkHQBL._SX679_.jpg\",\"category\":\"clothes\",\"sizes\":\"xs,s,m,l,xl,xxl,xxxl\",\"rating\":\"3.2\"}","service":"Request - logging"}
{"level":"info","message":"Sun Jun 02 2024 01:50:28 GMT+0530 (India Standard Time) - Req URL: /api/products - Req Body: {}","service":"Request - logging"}
{"level":"info","message":"Sun Jun 02 2024 01:50:45 GMT+0530 (India Standard Time) - Req URL: /api/products/c9c271bf-059e-4da3-8447-1cce0b844e34/rate?userId=76ebc206-e64f-4086-a6d5-441fb4829f73&rating=2.5 - Req Body: {\"name\":\"Leather Jacket\",\"price\":199.99,\"quantity\":20,\"description\":\"Conmforatble leather jacket for riders\",\"imageUrl\":\"https://m.media-amazon.com/images/I/619KZMkHQBL._SX679_.jpg\",\"category\":\"clothes\",\"sizes\":\"xs,s,m,l,xl,xxl,xxxl\",\"rating\":\"3.2\"}","service":"Request - logging"}
{"level":"error","message":"Thu Jun 06 2024 20:37:51 GMT+0530 (India Standard Time) - Req URL: /api/users/register - Error: Error: Something went wrong","service":"Error - logging"}
{"level":"error","message":"Thu Jun 06 2024 20:41:31 GMT+0530 (India Standard Time) - Req URL: /api/users/register - Error: Error: Something went wrong","service":"Error - logging"}
{"level":"error","message":"Fri Jun 07 2024 21:09:06 GMT+0530 (India Standard Time) - Req URL: /api/users/register - Error: Error: Something went wrong","service":"Error - logging"}
{"level":"info","message":"Fri Jun 07 2024 23:30:13 GMT+0530 (India Standard Time) - Req URL: /api/products/add-width-image-file - Req Body: {}","service":"Request - logging"}
{"level":"error","message":"Fri Jun 07 2024 23:30:13 GMT+0530 (India Standard Time) - Req URL: /api/products/add-width-image-file - Error: Error: ENOENT: no such file or directory, open 'C:\\Users\\mkira\\Documents\\Fullstack development (Coding Ninjas)\\NodeJS\\MongoDB\\E-Commerce\\E-Commerce-Backend-APIs\\src\\uploads\\2024-06-07T18_00_13.228Z-shoe.jpg'","service":"Error - logging"}
{"level":"info","message":"Fri Jun 07 2024 23:31:04 GMT+0530 (India Standard Time) - Req URL: /api/products/add-width-image-file - Req Body: {}","service":"Request - logging"}
{"level":"info","message":"Fri Jun 07 2024 23:31:52 GMT+0530 (India Standard Time) - Req URL: /api/products/add-width-image-file - Req Body: {}","service":"Request - logging"}
{"level":"info","message":"Fri Jun 07 2024 23:32:34 GMT+0530 (India Standard Time) - Req URL: /api/products/add-width-image-file - Req Body: {}","service":"Request - logging"}
{"level":"info","message":"Fri Jun 07 2024 23:32:54 GMT+0530 (India Standard Time) - Req URL: /api/products/add-width-image-file - Req Body: {}","service":"Request - logging"}
{"level":"info","message":"Fri Jun 07 2024 23:33:25 GMT+0530 (India Standard Time) - Req URL: /api/products - Req Body: {}","service":"Request - logging"}
{"level":"info","message":"Fri Jun 07 2024 23:34:33 GMT+0530 (India Standard Time) - Req URL: /api/products - Req Body: {}","service":"Request - logging"}
{"level":"info","message":"Fri Jun 07 2024 23:35:02 GMT+0530 (India Standard Time) - Req URL: /api/products - Req Body: {}","service":"Request - logging"}
{"level":"info","message":"Fri Jun 07 2024 23:35:50 GMT+0530 (India Standard Time) - Req URL: /api/products/add-width-image-file - Req Body: {}","service":"Request - logging"}
{"level":"info","message":"Fri Jun 07 2024 23:36:04 GMT+0530 (India Standard Time) - Req URL: /api/products/add-width-image-file - Req Body: {}","service":"Request - logging"}
{"level":"info","message":"Fri Jun 07 2024 23:36:28 GMT+0530 (India Standard Time) - Req URL: /api/products - Req Body: {}","service":"Request - logging"}
{"level":"info","message":"Fri Jun 07 2024 23:37:30 GMT+0530 (India Standard Time) - Req URL: /api/products - Req Body: {}","service":"Request - logging"}
{"level":"info","message":"Fri Jun 07 2024 23:42:23 GMT+0530 (India Standard Time) - Req URL: /api/products/add-width-image-file - Req Body: {}","service":"Request - logging"}
{"level":"info","message":"Fri Jun 07 2024 23:42:27 GMT+0530 (India Standard Time) - Req URL: /api/products - Req Body: {}","service":"Request - logging"}
{"level":"info","message":"Fri Jun 07 2024 23:43:18 GMT+0530 (India Standard Time) - Req URL: /api/products/66634d87a86d884b284bfb59 - Req Body: {}","service":"Request - logging"}
{"level":"info","message":"Fri Jun 07 2024 23:44:04 GMT+0530 (India Standard Time) - Req URL: /api/products/66634d87a86d884b284bfb59 - Req Body: {}","service":"Request - logging"}
{"level":"info","message":"Fri Jun 07 2024 23:44:37 GMT+0530 (India Standard Time) - Req URL: /api/products/66634d87a86d884b284bfb59 - Req Body: {}","service":"Request - logging"}
{"level":"info","message":"Fri Jun 07 2024 23:47:17 GMT+0530 (India Standard Time) - Req URL: /api/products/66634d87a86d884b284bfb59 - Req Body: {}","service":"Request - logging"}
{"level":"info","message":"Fri Jun 07 2024 23:47:46 GMT+0530 (India Standard Time) - Req URL: /api/products/66634d87a86d884b284bfb59 - Req Body: {}","service":"Request - logging"}
{"level":"info","message":"Fri Jun 07 2024 23:48:15 GMT+0530 (India Standard Time) - Req URL: /api/products/66634d87a86d884b284bfb59 - Req Body: {}","service":"Request - logging"}
{"level":"info","message":"Fri Jun 07 2024 23:49:39 GMT+0530 (India Standard Time) - Req URL: /api/products/66634d87a86d884b284bfb59 - Req Body: {}","service":"Request - logging"}
{"level":"info","message":"Fri Jun 07 2024 23:49:53 GMT+0530 (India Standard Time) - Req URL: /api/products/66634d87a86d884b284bfb59 - Req Body: {}","service":"Request - logging"}
{"level":"info","message":"Fri Jun 07 2024 23:50:22 GMT+0530 (India Standard Time) - Req URL: /api/products - Req Body: {}","service":"Request - logging"}
{"level":"info","message":"Fri Jun 07 2024 23:50:51 GMT+0530 (India Standard Time) - Req URL: /api/products/66634d87a86d884b284bfb59 - Req Body: {}","service":"Request - logging"}
{"level":"info","message":"Fri Jun 07 2024 23:52:46 GMT+0530 (India Standard Time) - Req URL: /api/products/add-width-image-file - Req Body: {}","service":"Request - logging"}
{"level":"info","message":"Fri Jun 07 2024 23:53:02 GMT+0530 (India Standard Time) - Req URL: /api/products/add-width-image-file - Req Body: {}","service":"Request - logging"}
{"level":"info","message":"Fri Jun 07 2024 23:53:25 GMT+0530 (India Standard Time) - Req URL: /api/products/add-width-image-file - Req Body: {}","service":"Request - logging"}
{"level":"info","message":"Fri Jun 07 2024 23:54:06 GMT+0530 (India Standard Time) - Req URL: /api/products/add-width-image-file - Req Body: {}","service":"Request - logging"}
{"level":"info","message":"Fri Jun 07 2024 23:54:44 GMT+0530 (India Standard Time) - Req URL: /api/products/add-width-image-file - Req Body: {}","service":"Request - logging"}
{"level":"info","message":"Fri Jun 07 2024 23:54:47 GMT+0530 (India Standard Time) - Req URL: /api/products - Req Body: {}","service":"Request - logging"}
{"level":"info","message":"Fri Jun 07 2024 23:55:01 GMT+0530 (India Standard Time) - Req URL: /api/products/6663506c3288f440c6bef45f - Req Body: {}","service":"Request - logging"}
{"level":"info","message":"Fri Jun 07 2024 23:56:42 GMT+0530 (India Standard Time) - Req URL: /api/products - Req Body: {}","service":"Request - logging"}
{"level":"info","message":"Sat Jun 08 2024 00:11:26 GMT+0530 (India Standard Time) - Req URL: /api/products/add-width-image-file - Req Body: {}","service":"Request - logging"}
{"level":"info","message":"Sat Jun 08 2024 00:11:32 GMT+0530 (India Standard Time) - Req URL: /api/products/add-width-image-file - Req Body: {}","service":"Request - logging"}
{"level":"info","message":"Sat Jun 08 2024 00:11:38 GMT+0530 (India Standard Time) - Req URL: /api/products/add-width-image-file - Req Body: {}","service":"Request - logging"}
{"level":"info","message":"Sat Jun 08 2024 00:11:45 GMT+0530 (India Standard Time) - Req URL: /api/products/add-width-image-file - Req Body: {}","service":"Request - logging"}
{"level":"info","message":"Sat Jun 08 2024 00:11:52 GMT+0530 (India Standard Time) - Req URL: /api/products/add-width-image-file - Req Body: {}","service":"Request - logging"}
{"level":"info","message":"Sat Jun 08 2024 00:11:55 GMT+0530 (India Standard Time) - Req URL: /api/products - Req Body: {}","service":"Request - logging"}
{"level":"info","message":"Sat Jun 08 2024 00:12:02 GMT+0530 (India Standard Time) - Req URL: /api/products/filter?minPrice=200&maxPrice=500&category=footwear - Req Body: {}","service":"Request - logging"}
{"level":"info","message":"Sat Jun 08 2024 00:12:39 GMT+0530 (India Standard Time) - Req URL: /api/products/filter?minPrice=200&maxPrice=500&category=footwear - Req Body: {}","service":"Request - logging"}
{"level":"info","message":"Sat Jun 08 2024 00:13:21 GMT+0530 (India Standard Time) - Req URL: /api/products/filter?minPrice=200&maxPrice=500&category=footwear - Req Body: {}","service":"Request - logging"}
{"level":"info","message":"Sat Jun 08 2024 00:14:54 GMT+0530 (India Standard Time) - Req URL: /api/products/add-width-image-file - Req Body: {}","service":"Request - logging"}
{"level":"info","message":"Sat Jun 08 2024 00:15:00 GMT+0530 (India Standard Time) - Req URL: /api/products/add-width-image-file - Req Body: {}","service":"Request - logging"}
{"level":"info","message":"Sat Jun 08 2024 00:15:04 GMT+0530 (India Standard Time) - Req URL: /api/products/add-width-image-file - Req Body: {}","service":"Request - logging"}
{"level":"info","message":"Sat Jun 08 2024 00:15:08 GMT+0530 (India Standard Time) - Req URL: /api/products/add-width-image-file - Req Body: {}","service":"Request - logging"}
{"level":"info","message":"Sat Jun 08 2024 00:15:18 GMT+0530 (India Standard Time) - Req URL: /api/products/add-width-image-file - Req Body: {}","service":"Request - logging"}
{"level":"info","message":"Sat Jun 08 2024 00:15:24 GMT+0530 (India Standard Time) - Req URL: /api/products/add-width-image-file - Req Body: {}","service":"Request - logging"}
{"level":"info","message":"Sat Jun 08 2024 00:15:27 GMT+0530 (India Standard Time) - Req URL: /api/products/filter?minPrice=200&maxPrice=500&category=footwear - Req Body: {}","service":"Request - logging"}
{"level":"info","message":"Sat Jun 08 2024 00:18:14 GMT+0530 (India Standard Time) - Req URL: /api/products/filter?minPrice=200&maxPrice=500&category=footwear - Req Body: {}","service":"Request - logging"}
{"level":"info","message":"Sat Jun 08 2024 00:18:18 GMT+0530 (India Standard Time) - Req URL: /api/products - Req Body: {}","service":"Request - logging"}
{"level":"info","message":"Sat Jun 08 2024 00:19:02 GMT+0530 (India Standard Time) - Req URL: /api/products/filter?minPrice=200&maxPrice=500&category=footwear - Req Body: {}","service":"Request - logging"}
{"level":"info","message":"Sat Jun 08 2024 00:20:04 GMT+0530 (India Standard Time) - Req URL: /api/products/filter?minPrice=200&maxPrice=500&category=footwear - Req Body: {}","service":"Request - logging"}
{"level":"info","message":"Sat Jun 08 2024 00:20:30 GMT+0530 (India Standard Time) - Req URL: /api/products/filter?minPrice=200&maxPrice=500&category=footwear - Req Body: {}","service":"Request - logging"}
{"level":"info","message":"Sat Jun 08 2024 00:28:48 GMT+0530 (India Standard Time) - Req URL: /api/products/filter?minPrice=200&maxPrice=500&category=footwear - Req Body: {}","service":"Request - logging"}
{"level":"info","message":"Sat Jun 08 2024 00:40:53 GMT+0530 (India Standard Time) - Req URL: /api/products/c9c271bf-059e-4da3-8447-1cce0b844e34/rate?userId=76ebc206-e64f-4086-a6d5-441fb4829f73&rating=2.5 - Req Body: {}","service":"Request - logging"}
{"level":"info","message":"Sat Jun 08 2024 00:41:08 GMT+0530 (India Standard Time) - Req URL: /api/products - Req Body: {}","service":"Request - logging"}
{"level":"info","message":"Sat Jun 08 2024 00:41:13 GMT+0530 (India Standard Time) - Req URL: /api/products - Req Body: {}","service":"Request - logging"}
{"level":"info","message":"Sat Jun 08 2024 00:42:30 GMT+0530 (India Standard Time) - Req URL: /api/products/666355268b5b15998d071d7e/rate?rating=2.5 - Req Body: {}","service":"Request - logging"}
{"level":"info","message":"Sat Jun 08 2024 00:42:34 GMT+0530 (India Standard Time) - Req URL: /api/products - Req Body: {}","service":"Request - logging"}
{"level":"info","message":"Sat Jun 08 2024 00:44:19 GMT+0530 (India Standard Time) - Req URL: /api/products/666355268b5b15998d071d7e/rate?rating=2.5 - Req Body: {}","service":"Request - logging"}
{"level":"info","message":"Sat Jun 08 2024 00:45:33 GMT+0530 (India Standard Time) - Req URL: /api/products/666355268b5b15998d071d7e/rate?rating=2.5 - Req Body: {}","service":"Request - logging"}
{"level":"info","message":"Sat Jun 08 2024 00:45:40 GMT+0530 (India Standard Time) - Req URL: /api/products - Req Body: {}","service":"Request - logging"}
{"level":"info","message":"Sat Jun 08 2024 00:47:00 GMT+0530 (India Standard Time) - Req URL: /api/products - Req Body: {}","service":"Request - logging"}
{"level":"info","message":"Sat Jun 08 2024 00:47:06 GMT+0530 (India Standard Time) - Req URL: /api/products/666355268b5b15998d071d7e/rate?rating=2.5 - Req Body: {}","service":"Request - logging"}
{"level":"info","message":"Sat Jun 08 2024 00:47:33 GMT+0530 (India Standard Time) - Req URL: /api/products/666355268b5b15998d071d7e/rate?rating=2.5 - Req Body: {}","service":"Request - logging"}
{"level":"info","message":"Sat Jun 08 2024 00:47:36 GMT+0530 (India Standard Time) - Req URL: /api/products - Req Body: {}","service":"Request - logging"}
{"level":"info","message":"Sat Jun 08 2024 00:48:58 GMT+0530 (India Standard Time) - Req URL: /api/products/666355268b5b15998d071d7e/rate?rating=2.5 - Req Body: {}","service":"Request - logging"}
{"level":"info","message":"Sat Jun 08 2024 00:49:59 GMT+0530 (India Standard Time) - Req URL: /api/products/666355268b5b15998d071d7e/rate?rating=2.5 - Req Body: {}","service":"Request - logging"}
{"level":"info","message":"Sat Jun 08 2024 00:50:02 GMT+0530 (India Standard Time) - Req URL: /api/products - Req Body: {}","service":"Request - logging"}
{"level":"info","message":"Sat Jun 08 2024 00:50:26 GMT+0530 (India Standard Time) - Req URL: /api/products - Req Body: {}","service":"Request - logging"}
{"level":"info","message":"Sat Jun 08 2024 00:50:30 GMT+0530 (India Standard Time) - Req URL: /api/products/666355268b5b15998d071d7e/rate?rating=2.5 - Req Body: {}","service":"Request - logging"}
{"level":"info","message":"Sat Jun 08 2024 00:50:32 GMT+0530 (India Standard Time) - Req URL: /api/products - Req Body: {}","service":"Request - logging"}
{"level":"info","message":"Sat Jun 08 2024 00:50:45 GMT+0530 (India Standard Time) - Req URL: /api/products/666355268b5b15998d071d7e/rate?rating=3.5 - Req Body: {}","service":"Request - logging"}
{"level":"info","message":"Sat Jun 08 2024 00:50:47 GMT+0530 (India Standard Time) - Req URL: /api/products - Req Body: {}","service":"Request - logging"}
{"level":"info","message":"Sat Jun 08 2024 00:56:27 GMT+0530 (India Standard Time) - Req URL: /api/products - Req Body: {}","service":"Request - logging"}
{"level":"info","message":"Sat Jun 08 2024 00:56:28 GMT+0530 (India Standard Time) - Req URL: /api/products - Req Body: {}","service":"Request - logging"}
{"level":"info","message":"Sat Jun 08 2024 00:56:33 GMT+0530 (India Standard Time) - Req URL: /api/products/666355268b5b15998d071d7e/rate?rating=3.9 - Req Body: {}","service":"Request - logging"}
{"level":"info","message":"Sat Jun 08 2024 00:56:36 GMT+0530 (India Standard Time) - Req URL: /api/products/666355268b5b15998d071d7e/rate?rating=3.6 - Req Body: {}","service":"Request - logging"}
{"level":"info","message":"Mon Jun 10 2024 05:37:02 GMT+0530 (India Standard Time) - Req URL: /api/products/rate - Req Body: {\"productId\":\"666355268b5b15998d071d7e\",\"rating\":\"1.5\"}","service":"Request - logging"}
{"level":"info","message":"Mon Jun 10 2024 05:37:21 GMT+0530 (India Standard Time) - Req URL: /api/products/rate - Req Body: {\"productId\":\"666355268b5b15998d071d7e\",\"rating\":\"1.5\"}","service":"Request - logging"}
{"level":"info","message":"Mon Jun 10 2024 05:37:43 GMT+0530 (India Standard Time) - Req URL: /api/products/rate - Req Body: {\"productId\":\"666355268b5b15998d071d7e\",\"rating\":\"1.5\"}","service":"Request - logging"}
{"level":"info","message":"Mon Jun 10 2024 05:37:57 GMT+0530 (India Standard Time) - Req URL: /api/products - Req Body: {}","service":"Request - logging"}
{"level":"info","message":"Mon Jun 10 2024 05:56:52 GMT+0530 (India Standard Time) - Req URL: /api/products/rate - Req Body: {\"productId\":\"666355268b5b15998d071d7e\",\"rating\":\"1.5\"}","service":"Request - logging"}
{"level":"info","message":"Mon Jun 10 2024 05:57:58 GMT+0530 (India Standard Time) - Req URL: /api/products/rate - Req Body: {\"productId\":\"666355268b5b15998d071d7e\",\"rating\":\"1.5\"}","service":"Request - logging"}
{"level":"info","message":"Mon Jun 10 2024 05:58:16 GMT+0530 (India Standard Time) - Req URL: /api/products/rate - Req Body: {\"productId\":\"666355268b5b15998d071d7e\",\"rating\":\"3.9\"}","service":"Request - logging"}
{"level":"info","message":"Mon Jun 10 2024 05:59:47 GMT+0530 (India Standard Time) - Req URL: /api/products/rate - Req Body: {\"productId\":\"666355268b5b15998d071d7e\",\"rating\":\"3.9\"}","service":"Request - logging"}
{"level":"info","message":"Mon Jun 10 2024 06:01:31 GMT+0530 (India Standard Time) - Req URL: /api/products/add-with-image-url - Req Body: {\"name\":\"Leather Jacket\",\"price\":249.99,\"quantity\":20,\"description\":\"Conmforatble leather jacket for riders\",\"imageUrl\":\"https://m.media-amazon.com/images/I/619KZMkHQBL._SX679_.jpg\",\"category\":\"clothes\",\"sizes\":\"xs,s,m,l,xl,xxl,xxxl\",\"rating\":\"\"}","service":"Request - logging"}
{"level":"info","message":"Mon Jun 10 2024 06:01:53 GMT+0530 (India Standard Time) - Req URL: /api/products/add-with-image-url - Req Body: {\"name\":\"Leather Jacket\",\"price\":249.99,\"quantity\":20,\"description\":\"Conmforatble leather jacket for riders\",\"imageUrl\":\"https://m.media-amazon.com/images/I/619KZMkHQBL._SX679_.jpg\",\"category\":\"clothes\",\"sizes\":\"xs,s,m,l,xl,xxl,xxxl\",\"rating\":\"\"}","service":"Request - logging"}
{"level":"info","message":"Mon Jun 10 2024 06:02:26 GMT+0530 (India Standard Time) - Req URL: /api/products/add-width-image-file - Req Body: {}","service":"Request - logging"}
{"level":"info","message":"Mon Jun 10 2024 06:06:32 GMT+0530 (India Standard Time) - Req URL: /api/products/add-width-image-file - Req Body: {}","service":"Request - logging"}
{"level":"info","message":"Mon Jun 10 2024 06:07:49 GMT+0530 (India Standard Time) - Req URL: /api/products/rate - Req Body: {\"productId\":\"66664a90de1f3dc290d059e3\",\"rating\":\"2.5\"}","service":"Request - logging"}
{"level":"info","message":"Mon Jun 10 2024 06:08:01 GMT+0530 (India Standard Time) - Req URL: /api/products/rate - Req Body: {\"productId\":\"66664a90de1f3dc290d059e3\",\"rating\":\"4.5\"}","service":"Request - logging"}
{"level":"info","message":"Mon Jun 10 2024 06:10:20 GMT+0530 (India Standard Time) - Req URL: /api/products/rate - Req Body: {\"productId\":\"66664a90de1f3dc290d059e3\",\"rating\":\"4.5\"}","service":"Request - logging"}
{"level":"info","message":"Mon Jun 10 2024 06:11:08 GMT+0530 (India Standard Time) - Req URL: /api/products/rate - Req Body: {\"productId\":\"66664a90de1f3dc290d059e3\",\"rating\":\"4.5\"}","service":"Request - logging"}
{"level":"info","message":"Mon Jun 10 2024 06:11:39 GMT+0530 (India Standard Time) - Req URL: /api/products/rate - Req Body: {\"productId\":\"66664a90de1f3dc290d059e3\",\"rating\":\"4.5\"}","service":"Request - logging"}
{"level":"info","message":"Mon Jun 10 2024 06:12:24 GMT+0530 (India Standard Time) - Req URL: /api/products/rate - Req Body: {\"productId\":\"66664a90de1f3dc290d059e3\",\"rating\":\"4.5\"}","service":"Request - logging"}
{"level":"info","message":"Mon Jun 10 2024 06:13:14 GMT+0530 (India Standard Time) - Req URL: /api/products/rate - Req Body: {\"productId\":\"66664a90de1f3dc290d059e3\",\"rating\":\"4.5\"}","service":"Request - logging"}
{"level":"info","message":"Mon Jun 10 2024 06:14:26 GMT+0530 (India Standard Time) - Req URL: /api/products/rate - Req Body: {\"productId\":\"66664a90de1f3dc290d059e3\",\"rating\":\"4.5\"}","service":"Request - logging"}
{"level":"info","message":"Mon Jun 10 2024 06:19:08 GMT+0530 (India Standard Time) - Req URL: /api/products/rate - Req Body: {\"productId\":\"66664a90de1f3dc290d059e3\",\"rating\":\"4.5\"}","service":"Request - logging"}
{"level":"info","message":"Mon Jun 10 2024 06:19:30 GMT+0530 (India Standard Time) - Req URL: /api/products/rate - Req Body: {\"productId\":\"66664a90de1f3dc290d059e3\",\"rating\":\"4.5\"}","service":"Request - logging"}
{"level":"info","message":"Mon Jun 10 2024 06:20:32 GMT+0530 (India Standard Time) - Req URL: /api/products/rate - Req Body: {\"productId\":\"66664a90de1f3dc290d059e3\",\"rating\":\"4.5\"}","service":"Request - logging"}
{"level":"info","message":"Mon Jun 10 2024 06:21:09 GMT+0530 (India Standard Time) - Req URL: /api/products/rate - Req Body: {\"productId\":\"66664a90de1f3dc290d059e3\",\"rating\":\"4.5\"}","service":"Request - logging"}
{"level":"info","message":"Mon Jun 10 2024 06:21:31 GMT+0530 (India Standard Time) - Req URL: /api/products/rate - Req Body: {\"productId\":\"66664a90de1f3dc290d059e3\",\"rating\":\"4.5\"}","service":"Request - logging"}
{"level":"info","message":"Mon Jun 10 2024 06:22:37 GMT+0530 (India Standard Time) - Req URL: /api/products/rate - Req Body: {\"productId\":\"66664a90de1f3dc290d059e3\",\"rating\":\"4.5\"}","service":"Request - logging"}
{"level":"info","message":"Mon Jun 10 2024 06:23:10 GMT+0530 (India Standard Time) - Req URL: /api/products/rate - Req Body: {\"productId\":\"66664a90de1f3dc290d059e3\",\"rating\":\"4.5\"}","service":"Request - logging"}
{"level":"info","message":"Mon Jun 10 2024 06:23:41 GMT+0530 (India Standard Time) - Req URL: /api/products/rate - Req Body: {\"productId\":\"66664a90de1f3dc290d059e3\",\"rating\":\"4.5\"}","service":"Request - logging"}
{"level":"info","message":"Mon Jun 10 2024 06:25:30 GMT+0530 (India Standard Time) - Req URL: /api/products/rate - Req Body: {\"productId\":\"66664a90de1f3dc290d059e3\",\"rating\":\"4.5\"}","service":"Request - logging"}
{"level":"info","message":"Mon Jun 10 2024 06:25:31 GMT+0530 (India Standard Time) - Req URL: /api/products/rate - Req Body: {\"productId\":\"66664a90de1f3dc290d059e3\",\"rating\":\"4.5\"}","service":"Request - logging"}
{"level":"info","message":"Mon Jun 10 2024 06:25:32 GMT+0530 (India Standard Time) - Req URL: /api/products/rate - Req Body: {\"productId\":\"66664a90de1f3dc290d059e3\",\"rating\":\"4.5\"}","service":"Request - logging"}
{"level":"info","message":"Mon Jun 10 2024 06:26:07 GMT+0530 (India Standard Time) - Req URL: /api/products/rate - Req Body: {\"productId\":\"66664a90de1f3dc290d059e3\",\"rating\":\"4.5\"}","service":"Request - logging"}
{"level":"info","message":"Mon Jun 10 2024 06:26:46 GMT+0530 (India Standard Time) - Req URL: /api/products/rate - Req Body: {\"productId\":\"66664a90de1f3dc290d059e3\",\"rating\":\"4.5\"}","service":"Request - logging"}
{"level":"info","message":"Mon Jun 10 2024 06:27:29 GMT+0530 (India Standard Time) - Req URL: /api/products/rate - Req Body: {\"productId\":\"66664a90de1f3dc290d059e3\",\"rating\":\"4.5\"}","service":"Request - logging"}
{"level":"info","message":"Mon Jun 10 2024 06:28:21 GMT+0530 (India Standard Time) - Req URL: /api/users/ - Req Body: {}","service":"Request - logging"}
{"level":"error","message":"Mon Jun 10 2024 06:28:21 GMT+0530 (India Standard Time) - Req URL: /api/users/ - Error: ReferenceError: userRepository is not defined","service":"Error - logging"}
{"level":"info","message":"Mon Jun 10 2024 06:28:49 GMT+0530 (India Standard Time) - Req URL: /api/users/ - Req Body: {}","service":"Request - logging"}
{"level":"error","message":"Mon Jun 10 2024 06:28:49 GMT+0530 (India Standard Time) - Req URL: /api/users/ - Error: ReferenceError: users is not defined","service":"Error - logging"}
{"level":"info","message":"Mon Jun 10 2024 06:32:34 GMT+0530 (India Standard Time) - Req URL: /api/users/ - Req Body: {}","service":"Request - logging"}
{"level":"info","message":"Mon Jun 10 2024 06:33:22 GMT+0530 (India Standard Time) - Req URL: /api/users/ - Req Body: {}","service":"Request - logging"}
{"level":"info","message":"Mon Jun 10 2024 06:33:50 GMT+0530 (India Standard Time) - Req URL: /api/users/ - Req Body: {}","service":"Request - logging"}
{"level":"info","message":"Mon Jun 10 2024 06:35:13 GMT+0530 (India Standard Time) - Req URL: /api/users/ - Req Body: {}","service":"Request - logging"}
{"level":"info","message":"Mon Jun 10 2024 06:38:06 GMT+0530 (India Standard Time) - Req URL: /api/products - Req Body: {}","service":"Request - logging"}
{"level":"info","message":"Mon Jun 10 2024 06:38:59 GMT+0530 (India Standard Time) - Req URL: /api/products/rate - Req Body: {\"productId\":\"66664a90de1f3dc290d059e3\",\"rating\":\"5\"}","service":"Request - logging"}
{"level":"info","message":"Mon Jun 10 2024 06:39:16 GMT+0530 (India Standard Time) - Req URL: /api/products/rate - Req Body: {\"productId\":\"66664a90de1f3dc290d059e3\",\"rating\":\"2\"}","service":"Request - logging"}
{"level":"info","message":"Mon Jun 10 2024 06:40:07 GMT+0530 (India Standard Time) - Req URL: /api/products/rate - Req Body: {\"productId\":\"66664a90de1f3dc290d059e3\",\"rating\":2}","service":"Request - logging"}
{"level":"info","message":"Mon Jun 10 2024 06:50:34 GMT+0530 (India Standard Time) - Req URL: /api/products/rate - Req Body: {\"productId\":\"66664a90de1f3dc290d059e3\",\"rating\":3.2}","service":"Request - logging"}
{"level":"info","message":"Mon Jun 10 2024 06:51:02 GMT+0530 (India Standard Time) - Req URL: /api/products/rate - Req Body: {\"productId\":\"66664a90de1f3dc290d059e3\",\"rating\":3.2}","service":"Request - logging"}
{"level":"info","message":"Mon Jun 10 2024 07:36:33 GMT+0530 (India Standard Time) - Req URL: /api/cart - Req Body: {\"productId\":\"66664a90de1f3dc290d059e3\",\"quantity\":5}","service":"Request - logging"}
{"level":"info","message":"Mon Jun 10 2024 07:37:23 GMT+0530 (India Standard Time) - Req URL: /api/cart - Req Body: {\"productId\":\"66664a90de1f3dc290d059e3\",\"quantity\":5}","service":"Request - logging"}
{"level":"info","message":"Mon Jun 10 2024 07:37:46 GMT+0530 (India Standard Time) - Req URL: /api/cart - Req Body: {\"productId\":\"66664a90de1f3dc290d059e3\",\"quantity\":5}","service":"Request - logging"}
{"level":"info","message":"Mon Jun 10 2024 07:41:04 GMT+0530 (India Standard Time) - Req URL: /api/cart - Req Body: {\"productId\":\"66664a90de1f3dc290d059e3\",\"quantity\":5}","service":"Request - logging"}
{"level":"info","message":"Mon Jun 10 2024 07:42:01 GMT+0530 (India Standard Time) - Req URL: /api/cart - Req Body: {\"productId\":\"66664a90de1f3dc290d059e3\",\"quantity\":5}","service":"Request - logging"}
{"level":"info","message":"Mon Jun 10 2024 07:43:10 GMT+0530 (India Standard Time) - Req URL: /api/cart - Req Body: {\"productId\":\"66664a90de1f3dc290d059e3\",\"quantity\":5}","service":"Request - logging"}
{"level":"info","message":"Mon Jun 10 2024 07:44:33 GMT+0530 (India Standard Time) - Req URL: /api/cart - Req Body: {\"productId\":\"66664a90de1f3dc290d059e3\",\"quantity\":5}","service":"Request - logging"}
{"level":"info","message":"Mon Jun 10 2024 07:45:30 GMT+0530 (India Standard Time) - Req URL: /api/cart - Req Body: {\"productId\":\"66664a90de1f3dc290d059e3\",\"quantity\":5}","service":"Request - logging"}
{"level":"info","message":"Mon Jun 10 2024 07:46:54 GMT+0530 (India Standard Time) - Req URL: /api/cart - Req Body: {\"productId\":\"66664a90de1f3dc290d059e3\",\"quantity\":5}","service":"Request - logging"}
{"level":"info","message":"Mon Jun 10 2024 07:47:08 GMT+0530 (India Standard Time) - Req URL: /api/cart - Req Body: {\"productId\":\"66664a90de1f3dc290d059e3\",\"quantity\":5}","service":"Request - logging"}
{"level":"info","message":"Mon Jun 10 2024 07:47:09 GMT+0530 (India Standard Time) - Req URL: /api/cart - Req Body: {\"productId\":\"66664a90de1f3dc290d059e3\",\"quantity\":5}","service":"Request - logging"}
{"level":"info","message":"Mon Jun 10 2024 07:47:30 GMT+0530 (India Standard Time) - Req URL: /api/cart - Req Body: {\"productId\":\"66664a90de1f3dc290d059e3\",\"quantity\":6}","service":"Request - logging"}
{"level":"info","message":"Mon Jun 10 2024 07:48:19 GMT+0530 (India Standard Time) - Req URL: /api/cart/ - Req Body: {}","service":"Request - logging"}
{"level":"info","message":"Mon Jun 10 2024 07:48:40 GMT+0530 (India Standard Time) - Req URL: /api/cart/ - Req Body: {}","service":"Request - logging"}
{"level":"info","message":"Mon Jun 10 2024 07:54:36 GMT+0530 (India Standard Time) - Req URL: /api/cart/666661c2e8f0c67abbc0b41e - Req Body: {}","service":"Request - logging"}
{"level":"info","message":"Mon Jun 10 2024 07:55:06 GMT+0530 (India Standard Time) - Req URL: /api/cart/666661c2e8f0c67abbc0b41e - Req Body: {}","service":"Request - logging"}
{"level":"info","message":"Mon Jun 10 2024 07:58:00 GMT+0530 (India Standard Time) - Req URL: /api/cart/666661c2e8f0c67abbc0b41e - Req Body: {}","service":"Request - logging"}
{"level":"info","message":"Mon Jun 10 2024 07:58:44 GMT+0530 (India Standard Time) - Req URL: /api/cart/666661c2e8f0c67abbc0b41e - Req Body: {}","service":"Request - logging"}
{"level":"info","message":"Mon Jun 10 2024 07:59:11 GMT+0530 (India Standard Time) - Req URL: /api/cart/666661c2e8f0c67abbc0b41e - Req Body: {}","service":"Request - logging"}
{"level":"info","message":"Mon Jun 10 2024 07:59:42 GMT+0530 (India Standard Time) - Req URL: /api/cart/666661c2e8f0c67abbc0b41e - Req Body: {}","service":"Request - logging"}
{"level":"info","message":"Mon Jun 10 2024 07:59:58 GMT+0530 (India Standard Time) - Req URL: /api/cart/666661c2e8f0c67abbc0b41e - Req Body: {}","service":"Request - logging"}
{"level":"info","message":"Mon Jun 10 2024 08:00:06 GMT+0530 (India Standard Time) - Req URL: /api/cart/666661c2e8f0c67abbc0b41e - Req Body: {}","service":"Request - logging"}
{"level":"info","message":"Mon Jun 10 2024 08:03:02 GMT+0530 (India Standard Time) - Req URL: /api/cart/666661c2e8f0c67abbc0b41e - Req Body: {}","service":"Request - logging"}
{"level":"info","message":"Mon Jun 10 2024 09:23:02 GMT+0530 (India Standard Time) - Req URL: /api/products - Req Body: {}","service":"Request - logging"}
{"level":"info","message":"Mon Jun 10 2024 09:23:18 GMT+0530 (India Standard Time) - Req URL: /api/cart - Req Body: {\"productId\":\"66664a90de1f3dc290d059e3\",\"quantity\":6}","service":"Request - logging"}
{"level":"info","message":"Mon Jun 10 2024 09:23:29 GMT+0530 (India Standard Time) - Req URL: /api/cart - Req Body: {\"productId\":\"66664a90de1f3dc290d059e3\",\"quantity\":10}","service":"Request - logging"}
{"level":"info","message":"Mon Jun 10 2024 09:25:54 GMT+0530 (India Standard Time) - Req URL: /api/cart/4209c265-9af0-418d-a4e1-ff23156f7294/increase - Req Body: {}","service":"Request - logging"}
{"level":"info","message":"Mon Jun 10 2024 09:26:14 GMT+0530 (India Standard Time) - Req URL: /api/products - Req Body: {}","service":"Request - logging"}
{"level":"info","message":"Mon Jun 10 2024 09:26:35 GMT+0530 (India Standard Time) - Req URL: /api/cart/666678affcec1391a4e4c90e/increase - Req Body: {}","service":"Request - logging"}
{"level":"info","message":"Mon Jun 10 2024 09:27:26 GMT+0530 (India Standard Time) - Req URL: /api/cart/666678affcec1391a4e4c90e/increase - Req Body: {}","service":"Request - logging"}
{"level":"info","message":"Mon Jun 10 2024 09:28:35 GMT+0530 (India Standard Time) - Req URL: /api/cart/increase - Req Body: {\"productId\":\"666678affcec1391a4e4c90e\"}","service":"Request - logging"}
{"level":"info","message":"Mon Jun 10 2024 09:28:51 GMT+0530 (India Standard Time) - Req URL: /api/cart/increase - Req Body: {\"productId\":\"666678affcec1391a4e4c90e\"}","service":"Request - logging"}
{"level":"info","message":"Mon Jun 10 2024 09:28:59 GMT+0530 (India Standard Time) - Req URL: /api/cart/increase - Req Body: {\"productId\":\"666678affcec1391a4e4c90e\"}","service":"Request - logging"}
{"level":"info","message":"Mon Jun 10 2024 09:29:35 GMT+0530 (India Standard Time) - Req URL: /api/cart/decrease - Req Body: {\"productId\":\"666678affcec1391a4e4c90e\"}","service":"Request - logging"}
{"level":"info","message":"Mon Jun 10 2024 09:29:40 GMT+0530 (India Standard Time) - Req URL: /api/cart/decrease - Req Body: {\"productId\":\"666678affcec1391a4e4c90e\"}","service":"Request - logging"}
{"level":"info","message":"Mon Jun 10 2024 09:29:41 GMT+0530 (India Standard Time) - Req URL: /api/cart/decrease - Req Body: {\"productId\":\"666678affcec1391a4e4c90e\"}","service":"Request - logging"}
{"level":"info","message":"Mon Jun 10 2024 09:29:42 GMT+0530 (India Standard Time) - Req URL: /api/cart/decrease - Req Body: {\"productId\":\"666678affcec1391a4e4c90e\"}","service":"Request - logging"}
{"level":"info","message":"Mon Jun 10 2024 10:02:21 GMT+0530 (India Standard Time) - Req URL: /api/cart - Req Body: {\"productId\":\"66664a90de1f3dc290d059e3\",\"quantity\":20}","service":"Request - logging"}
{"level":"info","message":"Mon Jun 10 2024 10:04:23 GMT+0530 (India Standard Time) - Req URL: /api/products - Req Body: {}","service":"Request - logging"}
{"level":"info","message":"Mon Jun 10 2024 10:04:55 GMT+0530 (India Standard Time) - Req URL: /api/products/add-width-image-file - Req Body: {}","service":"Request - logging"}
{"level":"info","message":"Mon Jun 10 2024 10:05:15 GMT+0530 (India Standard Time) - Req URL: /api/products/add-width-image-file - Req Body: {}","service":"Request - logging"}
{"level":"info","message":"Mon Jun 10 2024 10:05:28 GMT+0530 (India Standard Time) - Req URL: /api/cart - Req Body: {\"productId\":\"66668284cdd10ebfe5b7f228\",\"quantity\":20}","service":"Request - logging"}
{"level":"info","message":"Mon Jun 10 2024 10:10:07 GMT+0530 (India Standard Time) - Req URL: /api/cart - Req Body: {\"productId\":\"66668284cdd10ebfe5b7f228\",\"quantity\":20}","service":"Request - logging"}
{"level":"info","message":"Mon Jun 10 2024 19:35:38 GMT+0530 (India Standard Time) - Req URL: /api/products/filter?minPrice=200&maxPrice=500&category=footwear - Req Body: {}","service":"Request - logging"}
{"level":"info","message":"Mon Jun 10 2024 19:36:02 GMT+0530 (India Standard Time) - Req URL: /api/products/filter?minPrice=200&maxPrice=500&category=footwear - Req Body: {}","service":"Request - logging"}
{"level":"info","message":"Mon Jun 10 2024 19:36:26 GMT+0530 (India Standard Time) - Req URL: /api/products/filter?minPrice=200&maxPrice=500&category=footwear - Req Body: {}","service":"Request - logging"}
{"level":"info","message":"Mon Jun 10 2024 19:36:43 GMT+0530 (India Standard Time) - Req URL: /api/products - Req Body: {}","service":"Request - logging"}
{"level":"info","message":"Mon Jun 10 2024 19:37:33 GMT+0530 (India Standard Time) - Req URL: /api/products/filter?minPrice=100&maxPrice=700000&category=footwear - Req Body: {}","service":"Request - logging"}
{"level":"info","message":"Mon Jun 10 2024 19:39:08 GMT+0530 (India Standard Time) - Req URL: /api/products/filter?minPrice=100&maxPrice=1000&category=footwear - Req Body: {}","service":"Request - logging"}
{"level":"info","message":"Mon Jun 10 2024 19:44:15 GMT+0530 (India Standard Time) - Req URL: /api/products/filter?minPrice=100&maxPrice=1000&category=[footwear,food] - Req Body: {}","service":"Request - logging"}
{"level":"info","message":"Mon Jun 10 2024 19:45:27 GMT+0530 (India Standard Time) - Req URL: /api/products/add-width-image-file - Req Body: {}","service":"Request - logging"}
{"level":"info","message":"Mon Jun 10 2024 19:45:31 GMT+0530 (India Standard Time) - Req URL: /api/products - Req Body: {}","service":"Request - logging"}
{"level":"info","message":"Mon Jun 10 2024 19:45:39 GMT+0530 (India Standard Time) - Req URL: /api/products/filter?minPrice=100&maxPrice=1000&category=[footwear,food] - Req Body: {}","service":"Request - logging"}
{"level":"info","message":"Mon Jun 10 2024 19:45:55 GMT+0530 (India Standard Time) - Req URL: /api/products/filter?minPrice=100&maxPrice=3000&category=[footwear,food] - Req Body: {}","service":"Request - logging"}
{"level":"info","message":"Mon Jun 10 2024 19:53:01 GMT+0530 (India Standard Time) - Req URL: /api/products/filter?minPrice=100&maxPrice=3000&category=[footwear,food] - Req Body: {}","service":"Request - logging"}
{"level":"info","message":"Mon Jun 10 2024 19:53:33 GMT+0530 (India Standard Time) - Req URL: /api/products/filter?minPrice=100&maxPrice=3000&category=[footwear,food] - Req Body: {}","service":"Request - logging"}
{"level":"info","message":"Mon Jun 10 2024 19:57:34 GMT+0530 (India Standard Time) - Req URL: /api/products/filter?minPrice=100&maxPrice=3000&category=[%27footwear%27,%27food%27] - Req Body: {}","service":"Request - logging"}
{"level":"info","message":"Mon Jun 10 2024 19:58:16 GMT+0530 (India Standard Time) - Req URL: /api/products/filter?minPrice=100&maxPrice=3000&category=food - Req Body: {}","service":"Request - logging"}
{"level":"info","message":"Mon Jun 10 2024 19:58:54 GMT+0530 (India Standard Time) - Req URL: /api/products/filter?minPrice=100&maxPrice=3000&category=[%27food%27] - Req Body: {}","service":"Request - logging"}
{"level":"info","message":"Mon Jun 10 2024 19:59:45 GMT+0530 (India Standard Time) - Req URL: /api/products/filter?minPrice=100&maxPrice=3000&category=[%27food%27] - Req Body: {}","service":"Request - logging"}
{"level":"info","message":"Mon Jun 10 2024 20:07:22 GMT+0530 (India Standard Time) - Req URL: /api/products/filter?minPrice=100&maxPrice=3000&category=[%27food%27] - Req Body: {}","service":"Request - logging"}
{"level":"info","message":"Mon Jun 10 2024 20:07:55 GMT+0530 (India Standard Time) - Req URL: /api/products/filter?minPrice=100&maxPrice=3000&category=[%27food%27] - Req Body: {}","service":"Request - logging"}
{"level":"info","message":"Mon Jun 10 2024 20:14:48 GMT+0530 (India Standard Time) - Req URL: /api/products/filter?minPrice=100&maxPrice=3000&category=[%27food%27] - Req Body: {}","service":"Request - logging"}
{"level":"info","message":"Mon Jun 10 2024 20:15:23 GMT+0530 (India Standard Time) - Req URL: /api/products/filter?minPrice=100&maxPrice=3000&category=[%27food%27] - Req Body: {}","service":"Request - logging"}
{"level":"info","message":"Mon Jun 10 2024 20:39:31 GMT+0530 (India Standard Time) - Req URL: /api/products - Req Body: {}","service":"Request - logging"}
{"level":"info","message":"Mon Jun 10 2024 20:39:58 GMT+0530 (India Standard Time) - Req URL: /api/products/category_avg_price - Req Body: {}","service":"Request - logging"}
{"level":"info","message":"Mon Jun 10 2024 20:45:41 GMT+0530 (India Standard Time) - Req URL: /api/products/category_avg_price - Req Body: {}","service":"Request - logging"}
{"level":"info","message":"Tue Jun 11 2024 23:18:35 GMT+0530 (India Standard Time) - Req URL: /api/orders - Req Body: {}","service":"Request - logging"}
{"level":"info","message":"Tue Jun 11 2024 23:19:24 GMT+0530 (India Standard Time) - Req URL: /api/orders - Req Body: {}","service":"Request - logging"}
{"level":"info","message":"Tue Jun 11 2024 23:23:42 GMT+0530 (India Standard Time) - Req URL: /api/orders - Req Body: {}","service":"Request - logging"}
{"level":"info","message":"Tue Jun 11 2024 23:25:17 GMT+0530 (India Standard Time) - Req URL: /api/orders - Req Body: {}","service":"Request - logging"}
{"level":"info","message":"Tue Jun 11 2024 23:26:05 GMT+0530 (India Standard Time) - Req URL: /api/orders - Req Body: {}","service":"Request - logging"}
{"level":"info","message":"Tue Jun 11 2024 23:27:57 GMT+0530 (India Standard Time) - Req URL: /api/orders - Req Body: {}","service":"Request - logging"}
{"level":"info","message":"Tue Jun 11 2024 23:31:08 GMT+0530 (India Standard Time) - Req URL: /api/orders - Req Body: {}","service":"Request - logging"}
{"level":"info","message":"Tue Jun 11 2024 23:32:20 GMT+0530 (India Standard Time) - Req URL: /api/orders - Req Body: {}","service":"Request - logging"}
{"level":"info","message":"Tue Jun 11 2024 23:33:30 GMT+0530 (India Standard Time) - Req URL: /api/orders - Req Body: {}","service":"Request - logging"}
{"level":"info","message":"Tue Jun 11 2024 23:35:14 GMT+0530 (India Standard Time) - Req URL: /api/orders - Req Body: {}","service":"Request - logging"}
{"level":"info","message":"Tue Jun 11 2024 23:36:47 GMT+0530 (India Standard Time) - Req URL: /api/orders - Req Body: {}","service":"Request - logging"}
{"level":"info","message":"Tue Jun 11 2024 23:40:41 GMT+0530 (India Standard Time) - Req URL: /api/orders - Req Body: {}","service":"Request - logging"}
{"level":"info","message":"Tue Jun 11 2024 23:41:37 GMT+0530 (India Standard Time) - Req URL: /api/orders - Req Body: {}","service":"Request - logging"}
{"level":"info","message":"Tue Jun 11 2024 23:42:45 GMT+0530 (India Standard Time) - Req URL: /api/orders - Req Body: {}","service":"Request - logging"}
{"level":"info","message":"Tue Jun 11 2024 23:43:11 GMT+0530 (India Standard Time) - Req URL: /api/orders - Req Body: {}","service":"Request - logging"}
{"level":"info","message":"Tue Jun 11 2024 23:44:44 GMT+0530 (India Standard Time) - Req URL: /api/orders - Req Body: {}","service":"Request - logging"}
{"level":"info","message":"Tue Jun 11 2024 23:45:52 GMT+0530 (India Standard Time) - Req URL: /api/products - Req Body: {}","service":"Request - logging"}
{"level":"info","message":"Tue Jun 11 2024 23:46:11 GMT+0530 (India Standard Time) - Req URL: /api/cart - Req Body: {\"productId\":\"66670a7f1f5776b2b2bbc371\",\"quantity\":5}","service":"Request - logging"}
{"level":"info","message":"Tue Jun 11 2024 23:46:20 GMT+0530 (India Standard Time) - Req URL: /api/orders - Req Body: {}","service":"Request - logging"}
{"level":"info","message":"Tue Jun 11 2024 23:47:35 GMT+0530 (India Standard Time) - Req URL: /api/orders - Req Body: {}","service":"Request - logging"}
{"level":"info","message":"Tue Jun 11 2024 23:49:31 GMT+0530 (India Standard Time) - Req URL: /api/cart - Req Body: {\"productId\":\"66670a7f1f5776b2b2bbc371\",\"quantity\":5}","service":"Request - logging"}
{"level":"info","message":"Tue Jun 11 2024 23:51:47 GMT+0530 (India Standard Time) - Req URL: /api/cart - Req Body: {\"productId\":\"66670a7f1f5776b2b2bbc371\",\"quantity\":5}","service":"Request - logging"}
{"level":"info","message":"Tue Jun 11 2024 23:52:07 GMT+0530 (India Standard Time) - Req URL: /api/cart - Req Body: {\"productId\":\"66670a7f1f5776b2b2bbc371\",\"quantity\":5}","service":"Request - logging"}
{"level":"info","message":"Tue Jun 11 2024 23:52:26 GMT+0530 (India Standard Time) - Req URL: /api/orders - Req Body: {}","service":"Request - logging"}
{"level":"info","message":"Tue Jun 11 2024 23:53:03 GMT+0530 (India Standard Time) - Req URL: /api/orders - Req Body: {}","service":"Request - logging"}
{"level":"info","message":"Tue Jun 11 2024 23:53:54 GMT+0530 (India Standard Time) - Req URL: /api/orders - Req Body: {}","service":"Request - logging"}
{"level":"info","message":"Tue Jun 11 2024 23:54:05 GMT+0530 (India Standard Time) - Req URL: /api/orders - Req Body: {}","service":"Request - logging"}
{"level":"info","message":"Tue Jun 11 2024 23:55:45 GMT+0530 (India Standard Time) - Req URL: /api/orders - Req Body: {}","service":"Request - logging"}
{"level":"info","message":"Tue Jun 11 2024 23:55:51 GMT+0530 (India Standard Time) - Req URL: /api/cart - Req Body: {\"productId\":\"66670a7f1f5776b2b2bbc371\",\"quantity\":5}","service":"Request - logging"}
{"level":"info","message":"Tue Jun 11 2024 23:55:52 GMT+0530 (India Standard Time) - Req URL: /api/cart - Req Body: {\"productId\":\"66670a7f1f5776b2b2bbc371\",\"quantity\":5}","service":"Request - logging"}
{"level":"info","message":"Tue Jun 11 2024 23:55:56 GMT+0530 (India Standard Time) - Req URL: /api/cart - Req Body: {\"productId\":\"66670a7f1f5776b2b2bbc371\",\"quantity\":25}","service":"Request - logging"}
{"level":"info","message":"Tue Jun 11 2024 23:55:59 GMT+0530 (India Standard Time) - Req URL: /api/orders - Req Body: {}","service":"Request - logging"}
{"level":"info","message":"Wed Jun 12 2024 00:16:32 GMT+0530 (India Standard Time) - Req URL: /api/orders - Req Body: {}","service":"Request - logging"}
{"level":"info","message":"Wed Jun 12 2024 00:29:13 GMT+0530 (India Standard Time) - Req URL: /api/orders - Req Body: {}","service":"Request - logging"}
{"level":"info","message":"Wed Jun 12 2024 00:29:25 GMT+0530 (India Standard Time) - Req URL: /api/orders - Req Body: {}","service":"Request - logging"}
{"level":"info","message":"Wed Jun 12 2024 00:30:02 GMT+0530 (India Standard Time) - Req URL: /api/orders - Req Body: {}","service":"Request - logging"}
{"level":"info","message":"Wed Jun 12 2024 01:37:29 GMT+0530 (India Standard Time) - Req URL: /api/orders - Req Body: {}","service":"Request - logging"}
{"level":"info","message":"Wed Jun 12 2024 01:39:46 GMT+0530 (India Standard Time) - Req URL: /api/orders - Req Body: {}","service":"Request - logging"}
{"level":"info","message":"Wed Jun 12 2024 01:40:10 GMT+0530 (India Standard Time) - Req URL: /api/orders - Req Body: {}","service":"Request - logging"}
{"level":"info","message":"Wed Jun 12 2024 01:42:56 GMT+0530 (India Standard Time) - Req URL: /api/orders - Req Body: {}","service":"Request - logging"}
{"level":"info","message":"Wed Jun 12 2024 01:44:52 GMT+0530 (India Standard Time) - Req URL: /api/orders - Req Body: {}","service":"Request - logging"}
{"level":"info","message":"Wed Jun 12 2024 01:46:54 GMT+0530 (India Standard Time) - Req URL: /api/products - Req Body: {}","service":"Request - logging"}
{"level":"info","message":"Wed Jun 12 2024 01:47:08 GMT+0530 (India Standard Time) - Req URL: /api/products - Req Body: {}","service":"Request - logging"}
{"level":"info","message":"Wed Jun 12 2024 01:47:33 GMT+0530 (India Standard Time) - Req URL: /api/cart - Req Body: {\"productId\":\"66670a7f1f5776b2b2bbc371\",\"quantity\":5}","service":"Request - logging"}
{"level":"info","message":"Wed Jun 12 2024 01:47:41 GMT+0530 (India Standard Time) - Req URL: /api/cart - Req Body: {\"productId\":\"66664a90de1f3dc290d059e3\",\"quantity\":10}","service":"Request - logging"}
{"level":"info","message":"Wed Jun 12 2024 01:47:59 GMT+0530 (India Standard Time) - Req URL: /api/orders - Req Body: {}","service":"Request - logging"}
{"level":"info","message":"Wed Jun 12 2024 01:49:50 GMT+0530 (India Standard Time) - Req URL: /api/orders - Req Body: {}","service":"Request - logging"}
{"level":"info","message":"Wed Jun 12 2024 01:55:34 GMT+0530 (India Standard Time) - Req URL: /api/orders - Req Body: {}","service":"Request - logging"}
{"level":"info","message":"Wed Jun 12 2024 01:57:21 GMT+0530 (India Standard Time) - Req URL: /api/orders - Req Body: {}","service":"Request - logging"}
{"level":"info","message":"Wed Jun 12 2024 02:00:51 GMT+0530 (India Standard Time) - Req URL: /api/cart - Req Body: {\"productId\":\"66664a90de1f3dc290d059e3\",\"quantity\":10}","service":"Request - logging"}
{"level":"info","message":"Wed Jun 12 2024 02:00:57 GMT+0530 (India Standard Time) - Req URL: /api/cart - Req Body: {\"productId\":\"66670a7f1f5776b2b2bbc371\",\"quantity\":5}","service":"Request - logging"}
{"level":"info","message":"Wed Jun 12 2024 02:01:15 GMT+0530 (India Standard Time) - Req URL: /api/orders - Req Body: {}","service":"Request - logging"}
{"level":"error","message":"Wed Jun 12 2024 07:53:54 GMT+0530 (India Standard Time) - Req URL: /api/users/register - Error: Error: something went wrong with database","service":"Error - logging"}
{"level":"info","message":"Wed Jun 12 2024 10:11:28 GMT+0530 (India Standard Time) - Req URL: /api/users/reset_password - Req Body: {\"newPassword\":\"123qwe\"}","service":"Request - logging"}
{"level":"info","message":"Wed Jun 12 2024 21:44:16 GMT+0530 (India Standard Time) - Req URL: /api/users/reset-password - Req Body: {\"newPassword\":\"123qwe\"}","service":"Request - logging"}
{"level":"info","message":"Wed Jun 12 2024 21:45:22 GMT+0530 (India Standard Time) - Req URL: /api/users/reset-password - Req Body: {\"newPassword\":\"123qwe\"}","service":"Request - logging"}
{"level":"info","message":"Wed Jun 12 2024 21:46:58 GMT+0530 (India Standard Time) - Req URL: /api/users/reset-password - Req Body: {\"newPassword\":\"123qwe\"}","service":"Request - logging"}
{"level":"info","message":"Wed Jun 12 2024 21:47:27 GMT+0530 (India Standard Time) - Req URL: /api/users/reset-password - Req Body: {\"newPassword\":\"123qwe\"}","service":"Request - logging"}
{"level":"info","message":"Wed Jun 12 2024 21:51:10 GMT+0530 (India Standard Time) - Req URL: /api/users/reset-password - Req Body: {\"newPassword\":\"123qwe\"}","service":"Request - logging"}
{"level":"info","message":"Wed Jun 12 2024 21:52:52 GMT+0530 (India Standard Time) - Req URL: /api/users/reset-password - Req Body: {\"newPassword\":\"123qwe\"}","service":"Request - logging"}
{"level":"info","message":"Wed Jun 12 2024 21:53:26 GMT+0530 (India Standard Time) - Req URL: /api/users/reset-password - Req Body: {\"newPassword\":\"123qwe\"}","service":"Request - logging"}
{"level":"info","message":"Wed Jun 12 2024 21:53:39 GMT+0530 (India Standard Time) - Req URL: /api/users/reset-password - Req Body: {\"newPassword\":\"123qwe\"}","service":"Request - logging"}
{"level":"info","message":"Wed Jun 12 2024 21:54:39 GMT+0530 (India Standard Time) - Req URL: /api/users/reset-password - Req Body: {\"newPassword\":\"123qwe\"}","service":"Request - logging"}
{"level":"info","message":"Wed Jun 12 2024 21:58:15 GMT+0530 (India Standard Time) - Req URL: /api/users/reset-password - Req Body: {\"newPassword\":\"123qwe\"}","service":"Request - logging"}
{"level":"error","message":"Wed Jun 12 2024 23:19:06 GMT+0530 (India Standard Time) - Req URL: /api/users/register - Error: Error: something went wrong with database","service":"Error - logging"}
{"level":"error","message":"Wed Jun 12 2024 23:20:00 GMT+0530 (India Standard Time) - Req URL: /api/users/register - Error: Error: something went wrong with database","service":"Error - logging"}
{"level":"error","message":"Wed Jun 12 2024 23:22:00 GMT+0530 (India Standard Time) - Req URL: /api/users/register - Error: ValidationError: password: Path `password` (`$2b$12$qklAE2NsMBfalK3rJNcPZeCpeEUasXMDEi3miXTAZe9I60xKYOmWa`) is longer than the maximum allowed length (20).","service":"Error - logging"}
{"level":"info","message":"Fri Jun 14 2024 10:08:10 GMT+0530 (India Standard Time) - Req URL: /api/products/rate - Req Body: {\"productId\":\"66668284cdd10ebfe5b7f228\",\"rating\":3.2}","service":"Request - logging"}
{"level":"error","message":"Fri Jun 14 2024 10:26:48 GMT+0530 (India Standard Time) - Req URL: /api/users/register - Error: Error: something went wrong with database","service":"Error - logging"}
{"level":"error","message":"Fri Jun 14 2024 10:31:06 GMT+0530 (India Standard Time) - Req URL: /api/users/register - Error: Error: something went wrong with database","service":"Error - logging"}
{"level":"error","message":"Fri Jun 14 2024 10:32:46 GMT+0530 (India Standard Time) - Req URL: /api/users/register - Error: ReferenceError: Cannot access 'user' before initialization","service":"Error - logging"}
{"level":"error","message":"Fri Jun 14 2024 10:32:59 GMT+0530 (India Standard Time) - Req URL: /api/users/register - Error: Error: something went wrong with database","service":"Error - logging"}
{"level":"error","message":"Fri Jun 14 2024 10:33:59 GMT+0530 (India Standard Time) - Req URL: /api/users/register - Error: Error: something went wrong with database","service":"Error - logging"}
{"level":"error","message":"Fri Jun 14 2024 10:37:57 GMT+0530 (India Standard Time) - Req URL: /api/users/register - Error: Error: Password should be be b/w 8-20 characters and should contain a special character","service":"Error - logging"}
{"level":"error","message":"Fri Jun 14 2024 10:39:50 GMT+0530 (India Standard Time) - Req URL: /api/users/register - Error: Error: Password should be be b/w 8-20 characters and should contain a special character","service":"Error - logging"}
{"level":"error","message":"Fri Jun 14 2024 10:40:35 GMT+0530 (India Standard Time) - Req URL: /api/users/register - Error: Error: Password should be be b/w 8-20 characters and should contain a special character","service":"Error - logging"}
{"level":"error","message":"Fri Jun 14 2024 10:41:29 GMT+0530 (India Standard Time) - Req URL: /api/users/register - Error: Error: Password should be be b/w 8-20 characters and should contain a special character","service":"Error - logging"}
{"level":"info","message":"Fri Jun 14 2024 10:43:06 GMT+0530 (India Standard Time) - Req URL: /api/products/rate - Req Body: {\"productId\":\"66668284cdd10ebfe5b7f228\",\"rating\":3.2}","service":"Request - logging"}
{"level":"info","message":"Fri Jun 14 2024 10:45:21 GMT+0530 (India Standard Time) - Req URL: /api/products/rate - Req Body: {\"productId\":\"66668284cdd10ebfe5b7f228\",\"rating\":3.2}","service":"Request - logging"}
{"level":"info","message":"Fri Jun 14 2024 10:46:46 GMT+0530 (India Standard Time) - Req URL: /api/products/rate - Req Body: {\"productId\":\"66668284cdd10ebfe5b7f228\",\"rating\":3.2}","service":"Request - logging"}
{"level":"info","message":"Fri Jun 14 2024 10:47:33 GMT+0530 (India Standard Time) - Req URL: /api/products/rate - Req Body: {\"productId\":\"66668284cdd10ebfe5b7f228\",\"rating\":3.2}","service":"Request - logging"}
{"level":"info","message":"Fri Jun 14 2024 10:48:08 GMT+0530 (India Standard Time) - Req URL: /api/products/rate - Req Body: {\"productId\":\"66668284cdd10ebfe5b7f228\",\"rating\":3.2}","service":"Request - logging"}
{"level":"info","message":"Fri Jun 14 2024 10:48:48 GMT+0530 (India Standard Time) - Req URL: /api/products/rate - Req Body: {\"productId\":\"66668284cdd10ebfe5b7f228\",\"rating\":3.2}","service":"Request - logging"}
{"level":"info","message":"Fri Jun 14 2024 10:56:10 GMT+0530 (India Standard Time) - Req URL: /api/products/rate - Req Body: {\"productId\":\"66668284cdd10ebfe5b7f228\",\"rating\":3.2}","service":"Request - logging"}
{"level":"info","message":"Fri Jun 14 2024 10:57:02 GMT+0530 (India Standard Time) - Req URL: /api/products/rate - Req Body: {\"productId\":\"66668284cdd10ebfe5b7f228\",\"rating\":3.2}","service":"Request - logging"}
{"level":"info","message":"Fri Jun 14 2024 11:06:10 GMT+0530 (India Standard Time) - Req URL: /api/products/rate - Req Body: {\"productId\":\"66668284cdd10ebfe5b7f228\",\"rating\":3.2}","service":"Request - logging"}
{"level":"info","message":"Fri Jun 14 2024 11:08:22 GMT+0530 (India Standard Time) - Req URL: /api/products/rate - Req Body: {\"productId\":\"66668284cdd10ebfe5b7f228\",\"rating\":3.2}","service":"Request - logging"}
{"level":"info","message":"Fri Jun 14 2024 11:09:01 GMT+0530 (India Standard Time) - Req URL: /api/products/rate - Req Body: {\"productId\":\"66668284cdd10ebfe5b7f228\",\"rating\":3.2}","service":"Request - logging"}
{"level":"info","message":"Fri Jun 14 2024 11:12:07 GMT+0530 (India Standard Time) - Req URL: /api/products/rate - Req Body: {\"productId\":\"66668284cdd10ebfe5b7f228\",\"rating\":3.2}","service":"Request - logging"}
{"level":"info","message":"Fri Jun 14 2024 11:12:43 GMT+0530 (India Standard Time) - Req URL: /api/products/rate - Req Body: {\"productId\":\"66668284cdd10ebfe5b7f228\",\"rating\":3.2}","service":"Request - logging"}
{"level":"info","message":"Fri Jun 14 2024 11:18:10 GMT+0530 (India Standard Time) - Req URL: /api/products/rate - Req Body: {\"productId\":\"66668284cdd10ebfe5b7f228\",\"rating\":3.2}","service":"Request - logging"}
{"level":"info","message":"Fri Jun 14 2024 11:18:26 GMT+0530 (India Standard Time) - Req URL: /api/products/rate - Req Body: {\"productId\":\"66668284cdd10ebfe5b7f228\",\"rating\":3.2}","service":"Request - logging"}
{"level":"info","message":"Fri Jun 14 2024 11:19:57 GMT+0530 (India Standard Time) - Req URL: /api/products/rate - Req Body: {\"productId\":\"66668284cdd10ebfe5b7f228\",\"rating\":3.2}","service":"Request - logging"}
{"level":"info","message":"Fri Jun 14 2024 11:21:05 GMT+0530 (India Standard Time) - Req URL: /api/products/rate - Req Body: {\"productId\":\"66668284cdd10ebfe5b7f228\",\"rating\":3.2}","service":"Request - logging"}
{"level":"info","message":"Fri Jun 14 2024 11:21:32 GMT+0530 (India Standard Time) - Req URL: /api/products/rate - Req Body: {\"productId\":\"66668284cdd10ebfe5b7f228\",\"rating\":3.2}","service":"Request - logging"}
{"level":"info","message":"Fri Jun 14 2024 11:22:17 GMT+0530 (India Standard Time) - Req URL: /api/products/rate - Req Body: {\"productId\":\"66668284cdd10ebfe5b7f228\",\"rating\":3.2}","service":"Request - logging"}
{"level":"info","message":"Fri Jun 14 2024 11:36:32 GMT+0530 (India Standard Time) - Req URL: /api/products/rate - Req Body: {\"productId\":\"66668284cdd10ebfe5b7f228\",\"rating\":3.2}","service":"Request - logging"}
{"level":"info","message":"Fri Jun 14 2024 11:36:48 GMT+0530 (India Standard Time) - Req URL: /api/products/rate - Req Body: {\"productId\":\"66668284cdd10ebfe5b7f228\",\"rating\":3.2}","service":"Request - logging"}
{"level":"info","message":"Fri Jun 14 2024 11:37:33 GMT+0530 (India Standard Time) - Req URL: /api/products - Req Body: {}","service":"Request - logging"}
{"level":"info","message":"Fri Jun 14 2024 11:37:45 GMT+0530 (India Standard Time) - Req URL: /api/products - Req Body: {}","service":"Request - logging"}
{"level":"info","message":"Fri Jun 14 2024 11:40:12 GMT+0530 (India Standard Time) - Req URL: /api/products/rate - Req Body: {\"productId\":\"66664a90de1f3dc290d059e3\",\"rating\":4.9}","service":"Request - logging"}
{"level":"info","message":"Fri Jun 14 2024 11:42:24 GMT+0530 (India Standard Time) - Req URL: /api/products/rate - Req Body: {\"productId\":\"66664a90de1f3dc290d059e3\",\"rating\":4.9}","service":"Request - logging"}
{"level":"info","message":"Fri Jun 14 2024 11:44:49 GMT+0530 (India Standard Time) - Req URL: /api/products/rate - Req Body: {\"productId\":\"66664a90de1f3dc290d059e3\",\"rating\":4.9}","service":"Request - logging"}
{"level":"info","message":"Fri Jun 14 2024 11:47:08 GMT+0530 (India Standard Time) - Req URL: /api/products/rate - Req Body: {\"productId\":\"66664a90de1f3dc290d059e3\",\"rating\":4.9}","service":"Request - logging"}
{"level":"info","message":"Fri Jun 14 2024 11:47:49 GMT+0530 (India Standard Time) - Req URL: /api/products/rate - Req Body: {\"productId\":\"66664a90de1f3dc290d059e3\",\"rating\":2.6}","service":"Request - logging"}
{"level":"info","message":"Fri Jun 14 2024 11:48:01 GMT+0530 (India Standard Time) - Req URL: /api/products/rate - Req Body: {\"productId\":\"66664a90de1f3dc290d059e3\",\"rating\":2.6}","service":"Request - logging"}
{"level":"info","message":"Fri Jun 14 2024 11:48:27 GMT+0530 (India Standard Time) - Req URL: /api/products/rate - Req Body: {\"productId\":\"66664a90de1f3dc290d059e3\",\"rating\":2.6}","service":"Request - logging"}
{"level":"info","message":"Fri Jun 14 2024 11:49:26 GMT+0530 (India Standard Time) - Req URL: /api/products/rate - Req Body: {\"productId\":\"66664a90de1f3dc290d059e3\",\"rating\":2.6}","service":"Request - logging"}
{"level":"info","message":"Fri Jun 14 2024 11:50:44 GMT+0530 (India Standard Time) - Req URL: /api/products/rate - Req Body: {\"productId\":\"66664a90de1f3dc290d059e3\",\"rating\":2.6}","service":"Request - logging"}
{"level":"info","message":"Fri Jun 14 2024 11:50:56 GMT+0530 (India Standard Time) - Req URL: /api/products/rate - Req Body: {\"productId\":\"66664a90de1f3dc290d059e3\",\"rating\":2.6}","service":"Request - logging"}
{"level":"info","message":"Fri Jun 14 2024 11:53:51 GMT+0530 (India Standard Time) - Req URL: /api/products/rate - Req Body: {\"productId\":\"66664a90de1f3dc290d059e3\",\"rating\":2.6}","service":"Request - logging"}
{"level":"info","message":"Fri Jun 14 2024 11:54:09 GMT+0530 (India Standard Time) - Req URL: /api/products/rate - Req Body: {\"productId\":\"66664a90de1f3dc290d059e3\",\"rating\":2.6}","service":"Request - logging"}
{"level":"info","message":"Fri Jun 14 2024 11:54:41 GMT+0530 (India Standard Time) - Req URL: /api/products/rate - Req Body: {\"productId\":\"66664a90de1f3dc290d059e3\",\"rating\":2.6}","service":"Request - logging"}
{"level":"info","message":"Fri Jun 14 2024 11:55:53 GMT+0530 (India Standard Time) - Req URL: /api/products/rate - Req Body: {\"productId\":\"66664a90de1f3dc290d059e3\",\"rating\":2.6}","service":"Request - logging"}
{"level":"info","message":"Fri Jun 14 2024 11:56:25 GMT+0530 (India Standard Time) - Req URL: /api/products/rate - Req Body: {\"productId\":\"66664a90de1f3dc290d059e3\",\"rating\":2.6}","service":"Request - logging"}
{"level":"info","message":"Fri Jun 14 2024 12:33:39 GMT+0530 (India Standard Time) - Req URL: /api/products/rate - Req Body: {\"productId\":\"66664a90de1f3dc290d059e3\",\"rating\":2.6}","service":"Request - logging"}
{"level":"info","message":"Fri Jun 14 2024 12:33:57 GMT+0530 (India Standard Time) - Req URL: /api/products/rate - Req Body: {\"productId\":\"66664a90de1f3dc290d059e3\",\"rating\":2.6}","service":"Request - logging"}
{"level":"info","message":"Fri Jun 14 2024 12:36:22 GMT+0530 (India Standard Time) - Req URL: /api/products/rate - Req Body: {\"productId\":\"66664a90de1f3dc290d059e3\",\"rating\":2.6}","service":"Request - logging"}
{"level":"info","message":"Fri Jun 14 2024 12:37:10 GMT+0530 (India Standard Time) - Req URL: /api/products/rate - Req Body: {\"productId\":\"66664a90de1f3dc290d059e3\",\"rating\":2.6}","service":"Request - logging"}
{"level":"info","message":"Fri Jun 14 2024 12:38:30 GMT+0530 (India Standard Time) - Req URL: /api/products/rate - Req Body: {\"productId\":\"66664a90de1f3dc290d059e3\",\"rating\":2.6}","service":"Request - logging"}
{"level":"info","message":"Fri Jun 14 2024 12:40:18 GMT+0530 (India Standard Time) - Req URL: /api/products/rate - Req Body: {\"productId\":\"66664a90de1f3dc290d059e3\",\"rating\":4.5}","service":"Request - logging"}
{"level":"info","message":"Fri Jun 14 2024 14:05:05 GMT+0530 (India Standard Time) - Req URL: /api/products/add-width-image-file - Req Body: {}","service":"Request - logging"}
{"level":"info","message":"Fri Jun 14 2024 14:05:51 GMT+0530 (India Standard Time) - Req URL: /api/products/add-width-image-file - Req Body: {}","service":"Request - logging"}
{"level":"info","message":"Fri Jun 14 2024 14:07:43 GMT+0530 (India Standard Time) - Req URL: /api/products/add-width-image-file - Req Body: {}","service":"Request - logging"}
{"level":"info","message":"Fri Jun 14 2024 14:08:12 GMT+0530 (India Standard Time) - Req URL: /api/products/add-width-image-file - Req Body: {}","service":"Request - logging"}
{"level":"error","message":"Fri Jun 14 2024 14:08:12 GMT+0530 (India Standard Time) - Req URL: /api/products/add-width-image-file - Error: TypeError: Cannot read properties of undefined (reading 'split')","service":"Error - logging"}
{"level":"info","message":"Fri Jun 14 2024 14:08:32 GMT+0530 (India Standard Time) - Req URL: /api/products/add-width-image-file - Req Body: {}","service":"Request - logging"}
{"level":"info","message":"Fri Jun 14 2024 14:09:38 GMT+0530 (India Standard Time) - Req URL: /api/products/add-width-image-file - Req Body: {}","service":"Request - logging"}
{"level":"info","message":"Fri Jun 14 2024 14:10:39 GMT+0530 (India Standard Time) - Req URL: /api/products/add-width-image-file - Req Body: {}","service":"Request - logging"}
{"level":"error","message":"Fri Jun 14 2024 14:10:39 GMT+0530 (India Standard Time) - Req URL: /api/products/add-width-image-file - Error: Error: something went wrong","service":"Error - logging"}
{"level":"info","message":"Fri Jun 14 2024 14:15:41 GMT+0530 (India Standard Time) - Req URL: /api/products/add-width-image-file - Req Body: {}","service":"Request - logging"}
{"level":"info","message":"Fri Jun 14 2024 14:23:57 GMT+0530 (India Standard Time) - Req URL: /api/products/add-width-image-file - Req Body: {}","service":"Request - logging"}
{"level":"info","message":"Fri Jun 14 2024 14:24:23 GMT+0530 (India Standard Time) - Req URL: /api/products/add-width-image-file - Req Body: {}","service":"Request - logging"}
{"level":"info","message":"Fri Jun 14 2024 14:26:05 GMT+0530 (India Standard Time) - Req URL: /api/products/add-width-image-file - Req Body: {}","service":"Request - logging"}
{"level":"info","message":"Fri Jun 14 2024 14:27:10 GMT+0530 (India Standard Time) - Req URL: /api/products/add-width-image-file - Req Body: {}","service":"Request - logging"}
{"level":"info","message":"Sat Jun 15 2024 10:43:49 GMT+0530 (India Standard Time) - Req URL: /api/products - Req Body: {}","service":"Request - logging"}
{"level":"info","message":"Sat Jun 15 2024 10:43:54 GMT+0530 (India Standard Time) - Req URL: /api/products - Req Body: {}","service":"Request - logging"}
{"level":"info","message":"Sat Jun 15 2024 10:44:15 GMT+0530 (India Standard Time) - Req URL: /api/likes - Req Body: {\"id\":\"666c05e6936d9c381c9d9892\",\"type\":\"products\"}","service":"Request - logging"}
{"level":"info","message":"Sat Jun 15 2024 10:44:25 GMT+0530 (India Standard Time) - Req URL: /api/likes/like - Req Body: {\"id\":\"666c05e6936d9c381c9d9892\",\"type\":\"products\"}","service":"Request - logging"}
{"level":"info","message":"Sat Jun 15 2024 10:44:46 GMT+0530 (India Standard Time) - Req URL: /api/likes/like - Req Body: {\"id\":\"666c05e6936d9c381c9d9892\",\"type\":\"products\"}","service":"Request - logging"}
{"level":"info","message":"Sat Jun 15 2024 10:45:09 GMT+0530 (India Standard Time) - Req URL: /api/likes/like - Req Body: {\"id\":\"666c05e6936d9c381c9d9892\",\"type\":\"products\"}","service":"Request - logging"}
{"level":"info","message":"Sat Jun 15 2024 10:45:39 GMT+0530 (India Standard Time) - Req URL: /api/likes/like - Req Body: {\"id\":\"666c05e6936d9c381c9d9892\",\"type\":\"products\"}","service":"Request - logging"}
{"level":"info","message":"Sat Jun 15 2024 10:46:29 GMT+0530 (India Standard Time) - Req URL: /api/likes/like - Req Body: {\"id\":\"666c05e6936d9c381c9d9892\",\"type\":\"products\"}","service":"Request - logging"}
{"level":"info","message":"Sat Jun 15 2024 10:47:07 GMT+0530 (India Standard Time) - Req URL: /api/likes/like - Req Body: {\"id\":\"666c05e6936d9c381c9d9892\",\"type\":\"products\"}","service":"Request - logging"}
{"level":"info","message":"Sat Jun 15 2024 10:48:11 GMT+0530 (India Standard Time) - Req URL: /api/likes/like - Req Body: {\"id\":\"666c05e6936d9c381c9d9892\",\"type\":\"products\"}","service":"Request - logging"}
{"level":"info","message":"Sat Jun 15 2024 10:48:40 GMT+0530 (India Standard Time) - Req URL: /api/likes/like - Req Body: {\"id\":\"666c05e6936d9c381c9d9892\",\"type\":\"products\"}","service":"Request - logging"}
{"level":"info","message":"Sat Jun 15 2024 10:51:28 GMT+0530 (India Standard Time) - Req URL: /api/likes/like - Req Body: {\"id\":\"666c05e6936d9c381c9d9892\",\"type\":\"category\"}","service":"Request - logging"}
{"level":"info","message":"Sat Jun 15 2024 10:52:04 GMT+0530 (India Standard Time) - Req URL: /api/likes/like - Req Body: {\"id\":\"666c05e6936d9c381c9d9892\",\"type\":\"category\"}","service":"Request - logging"}
{"level":"info","message":"Sat Jun 15 2024 10:59:29 GMT+0530 (India Standard Time) - Req URL: /api/likes/ - Req Body: {}","service":"Request - logging"}
{"level":"error","message":"Sat Jun 15 2024 10:59:29 GMT+0530 (India Standard Time) - Req URL: /api/likes/ - Error: TypeError: this.likeRepo.getLikes is not a function","service":"Error - logging"}
{"level":"info","message":"Sat Jun 15 2024 10:59:52 GMT+0530 (India Standard Time) - Req URL: /api/likes/ - Req Body: {}","service":"Request - logging"}
{"level":"info","message":"Sat Jun 15 2024 11:00:39 GMT+0530 (India Standard Time) - Req URL: /api/likes/ - Req Body: {}","service":"Request - logging"}
{"level":"info","message":"Sat Jun 15 2024 11:01:07 GMT+0530 (India Standard Time) - Req URL: /api/likes/ - Req Body: {}","service":"Request - logging"}
{"level":"info","message":"Sat Jun 15 2024 11:01:23 GMT+0530 (India Standard Time) - Req URL: /api/likes/ - Req Body: {}","service":"Request - logging"}
{"level":"info","message":"Sat Jun 15 2024 11:01:56 GMT+0530 (India Standard Time) - Req URL: /api/likes/ - Req Body: {}","service":"Request - logging"}
{"level":"info","message":"Sat Jun 15 2024 11:02:15 GMT+0530 (India Standard Time) - Req URL: /api/likes/ - Req Body: {}","service":"Request - logging"}
{"level":"info","message":"Sat Jun 15 2024 11:05:35 GMT+0530 (India Standard Time) - Req URL: /api/likes/by-type - Req Body: {\"type\":\"products\"}","service":"Request - logging"}
{"level":"info","message":"Sat Jun 15 2024 11:06:09 GMT+0530 (India Standard Time) - Req URL: /api/likes/by-type - Req Body: {\"type\":\"products\"}","service":"Request - logging"}
{"level":"info","message":"Sat Jun 15 2024 11:08:19 GMT+0530 (India Standard Time) - Req URL: /api/likes/by-type/666c05e6936d9c381c9d9892 - Req Body: {\"type\":\"products\"}","service":"Request - logging"}
{"level":"info","message":"Sat Jun 15 2024 11:09:18 GMT+0530 (India Standard Time) - Req URL: /api/likes/by-type/666c05e6936d9c381c9d9892 - Req Body: {\"type\":\"products\"}","service":"Request - logging"}
{"level":"info","message":"Sat Jun 15 2024 11:09:35 GMT+0530 (India Standard Time) - Req URL: /api/likes/by-type/666c05e6936d9c381c9d9892 - Req Body: {\"type\":\"categories\"}","service":"Request - logging"}
{"level":"info","message":"Sat Jun 15 2024 11:15:24 GMT+0530 (India Standard Time) - Req URL: /api/likes/ - Req Body: {}","service":"Request - logging"}
{"level":"info","message":"Sat Jun 15 2024 11:16:16 GMT+0530 (India Standard Time) - Req URL: /api/likes/ - Req Body: {}","service":"Request - logging"}
{"level":"info","message":"Sat Jun 15 2024 11:18:57 GMT+0530 (India Standard Time) - Req URL: /api/likes/by-type/666c05e6936d9c381c9d9892 - Req Body: {\"type\":\"categories\"}","service":"Request - logging"}
{"level":"info","message":"Sat Jun 15 2024 11:22:39 GMT+0530 (India Standard Time) - Req URL: /api/likes/by-type/666c05e6936d9c381c9d9892 - Req Body: {\"type\":\"products\"}","service":"Request - logging"}
{"level":"info","message":"Sat Jun 15 2024 11:23:19 GMT+0530 (India Standard Time) - Req URL: /api/likes/by-type/666c05e6936d9c381c9d9892 - Req Body: {\"type\":\"categories\"}","service":"Request - logging"}
{"level":"info","message":"Sat Jun 15 2024 11:24:50 GMT+0530 (India Standard Time) - Req URL: /api/likes/like - Req Body: {\"id\":\"666c02d19f909badf8a1ee2a\",\"type\":\"category\"}","service":"Request - logging"}
{"level":"info","message":"Sat Jun 15 2024 11:24:55 GMT+0530 (India Standard Time) - Req URL: /api/likes/by-type/666c05e6936d9c381c9d9892 - Req Body: {\"type\":\"categories\"}","service":"Request - logging"}
{"level":"info","message":"Sat Jun 15 2024 11:41:31 GMT+0530 (India Standard Time) - Req URL: /api/likes/like - Req Body: {\"id\":\"666c02d19f909badf8a1ee2a\",\"type\":\"categories\"}","service":"Request - logging"}
{"level":"info","message":"Sat Jun 15 2024 11:41:40 GMT+0530 (India Standard Time) - Req URL: /api/likes/like - Req Body: {\"id\":\"666c02d19f909badf8a1ee2a\",\"type\":\"category\"}","service":"Request - logging"}
{"level":"info","message":"Sat Jun 15 2024 11:41:54 GMT+0530 (India Standard Time) - Req URL: /api/likes/by-type/666c05e6936d9c381c9d9892 - Req Body: {\"type\":\"categories\"}","service":"Request - logging"}
{"level":"info","message":"Sat Jun 15 2024 11:42:18 GMT+0530 (India Standard Time) - Req URL: /api/likes/by-type/666c05e6936d9c381c9d9892 - Req Body: {\"type\":\"products\"}","service":"Request - logging"}
{"level":"info","message":"Sat Jun 15 2024 11:42:51 GMT+0530 (India Standard Time) - Req URL: /api/likes/by-type/666c05e6936d9c381c9d9892 - Req Body: {\"type\":\"categories\"}","service":"Request - logging"}
{"level":"info","message":"Sat Jun 15 2024 11:46:47 GMT+0530 (India Standard Time) - Req URL: /api/likes/like - Req Body: {\"id\":\"666c02d19f909badf8a1ee2a\",\"type\":\"category\"}","service":"Request - logging"}
{"level":"info","message":"Sat Jun 15 2024 11:47:14 GMT+0530 (India Standard Time) - Req URL: /api/likes/like - Req Body: {\"id\":\"666c02d19f909badf8a1ee2a\",\"type\":\"category\"}","service":"Request - logging"}
{"level":"info","message":"Sat Jun 15 2024 11:47:24 GMT+0530 (India Standard Time) - Req URL: /api/likes/like - Req Body: {\"id\":\"666c05e6936d9c381c9d9892\",\"type\":\"product\"}","service":"Request - logging"}
{"level":"info","message":"Sat Jun 15 2024 11:47:28 GMT+0530 (India Standard Time) - Req URL: /api/likes/ - Req Body: {}","service":"Request - logging"}
{"level":"info","message":"Sat Jun 15 2024 11:47:42 GMT+0530 (India Standard Time) - Req URL: /api/likes/by-type/666c05e6936d9c381c9d9892 - Req Body: {\"type\":\"categories\"}","service":"Request - logging"}
{"level":"info","message":"Sat Jun 15 2024 11:47:54 GMT+0530 (India Standard Time) - Req URL: /api/likes/by-type/666c05e6936d9c381c9d9892 - Req Body: {\"type\":\"products\"}","service":"Request - logging"}
{"level":"info","message":"Sat Jun 15 2024 11:48:11 GMT+0530 (India Standard Time) - Req URL: /api/likes/by-type/666c05e6936d9c381c9d9892 - Req Body: {\"type\":\"categories\"}","service":"Request - logging"}
{"level":"info","message":"Sat Jun 15 2024 11:48:53 GMT+0530 (India Standard Time) - Req URL: /api/likes/by-type/666c05e6936d9c381c9d9892 - Req Body: {\"type\":\"categories\"}","service":"Request - logging"}
{"level":"info","message":"Sat Jun 15 2024 11:50:46 GMT+0530 (India Standard Time) - Req URL: /api/likes/by-type/666c02d19f909badf8a1ee2a - Req Body: {\"type\":\"categories\"}","service":"Request - logging"}
{"level":"info","message":"Sat Jun 15 2024 12:36:40 GMT+0530 (India Standard Time) - Req URL: /api/likes/like - Req Body: {\"id\":\"666c05e6936d9c381c9d9892\",\"type\":\"product\"}","service":"Request - logging"}
{"level":"info","message":"Sat Jun 15 2024 12:38:58 GMT+0530 (India Standard Time) - Req URL: /api/likes/like - Req Body: {\"id\":\"666c05e6936d9c381c9d9892\",\"type\":\"product\"}","service":"Request - logging"}
{"level":"info","message":"Sat Jun 15 2024 12:39:21 GMT+0530 (India Standard Time) - Req URL: /api/likes/like - Req Body: {\"id\":\"666c05e6936d9c381c9d9892\",\"type\":\"product\"}","service":"Request - logging"}
{"level":"info","message":"Sat Jun 15 2024 12:42:24 GMT+0530 (India Standard Time) - Req URL: /api/likes/by-type/666c02d19f909badf8a1ee2a - Req Body: {\"type\":\"categories\"}","service":"Request - logging"}
